2021-01-04T14:08:45+00:00 CRITICAL Maximum execution time of 120 seconds exceeded in C:\wamp64\www\wordpress\wp-includes\Requests\Transport\cURL.php on line 437

2021-01-04T15:20:18+00:00 CRITICAL Uncaught Error: Call to undefined function nozama_lite_the_row_classes() in C:\wamp64\www\wordpress\wp-content\themes\cms-theme-test-module\woocommerce\archive-product.php:26
Stack trace:
#0 C:\wamp64\www\wordpress\wp-includes\template-loader.php(106): include()
#1 C:\wamp64\www\wordpress\wp-blog-header.php(19): require_once('C:\\wamp64\\www\\w...')
#2 C:\wamp64\www\wordpress\index.php(17): require('C:\\wamp64\\www\\w...')
#3 {main}
  thrown in C:\wamp64\www\wordpress\wp-content\themes\cms-theme-test-module\woocommerce\archive-product.php on line 26

2021-01-04T15:20:42+00:00 CRITICAL Uncaught Error: Call to undefined function nozama_lite_the_row_classes() in C:\wamp64\www\wordpress\wp-content\themes\cms-theme-test-module\woocommerce\archive-product.php:26
Stack trace:
#0 C:\wamp64\www\wordpress\wp-includes\template-loader.php(106): include()
#1 C:\wamp64\www\wordpress\wp-blog-header.php(19): require_once('C:\\wamp64\\www\\w...')
#2 C:\wamp64\www\wordpress\index.php(17): require('C:\\wamp64\\www\\w...')
#3 {main}
  thrown in C:\wamp64\www\wordpress\wp-content\themes\cms-theme-test-module\woocommerce\archive-product.php on line 26

2021-01-04T15:21:42+00:00 CRITICAL Uncaught Error: Call to undefined function nozama_lite_the_row_classes() in C:\wamp64\www\wordpress\wp-content\themes\cms-theme-test-module\woocommerce\archive-product.php:26
Stack trace:
#0 C:\wamp64\www\wordpress\wp-includes\template-loader.php(106): include()
#1 C:\wamp64\www\wordpress\wp-blog-header.php(19): require_once('C:\\wamp64\\www\\w...')
#2 C:\wamp64\www\wordpress\index.php(17): require('C:\\wamp64\\www\\w...')
#3 {main}
  thrown in C:\wamp64\www\wordpress\wp-content\themes\cms-theme-test-module\woocommerce\archive-product.php on line 26

2021-01-04T16:19:16+00:00 CRITICAL syntax error, unexpected 'echo' (T_ECHO), expecting ',' or ';' in C:\wamp64\www\wordpress\wp-content\themes\cms-theme-test-module\template-parts\09\09-content.php on line 45

2021-01-04T16:19:40+00:00 CRITICAL syntax error, unexpected 'echo' (T_ECHO), expecting ',' or ';' in C:\wamp64\www\wordpress\wp-content\themes\cms-theme-test-module\template-parts\09\09-content.php on line 45

2021-01-04T16:25:20+00:00 CRITICAL syntax error, unexpected 'limit' (T_STRING), expecting ']' in C:\wamp64\www\wordpress\wp-content\themes\cms-theme-test-module\template-parts\09\09-content.php on line 43

2021-01-04T16:25:45+00:00 CRITICAL syntax error, unexpected 'limit' (T_STRING), expecting ']' in C:\wamp64\www\wordpress\wp-content\themes\cms-theme-test-module\template-parts\09\09-content.php on line 43

2021-01-04T16:32:22+00:00 CRITICAL syntax error, unexpected '4' (T_LNUMBER), expecting ',' or ')' in C:\wamp64\www\wordpress\wp-content\themes\cms-theme-test-module\template-parts\09\09-content.php on line 23

2021-01-04T16:32:35+00:00 CRITICAL syntax error, unexpected 'limit' (T_STRING), expecting ']' in C:\wamp64\www\wordpress\wp-content\themes\cms-theme-test-module\template-parts\09\09-content.php on line 23

2021-01-04T16:33:17+00:00 CRITICAL syntax error, unexpected '4' (T_LNUMBER), expecting ',' or ')' in C:\wamp64\www\wordpress\wp-content\themes\cms-theme-test-module\template-parts\09\09-content.php on line 23

2021-01-04T16:35:27+00:00 CRITICAL syntax error, unexpected '4' (T_LNUMBER), expecting ',' or ')' in C:\wamp64\www\wordpress\wp-content\themes\cms-theme-test-module\template-parts\09\09-content.php on line 23

2021-01-04T16:35:40+00:00 CRITICAL syntax error, unexpected '4' (T_LNUMBER), expecting ',' or ')' in C:\wamp64\www\wordpress\wp-content\themes\cms-theme-test-module\template-parts\09\09-content.php on line 23

2021-01-04T16:36:11+00:00 CRITICAL syntax error, unexpected '4' (T_LNUMBER), expecting ',' or ')' in C:\wamp64\www\wordpress\wp-content\themes\cms-theme-test-module\template-parts\09\09-content.php on line 26

2021-01-04T16:36:19+00:00 CRITICAL syntax error, unexpected '4' (T_LNUMBER), expecting ',' or ')' in C:\wamp64\www\wordpress\wp-content\themes\cms-theme-test-module\template-parts\09\09-content.php on line 26

2021-01-04T16:36:23+00:00 CRITICAL syntax error, unexpected '4' (T_LNUMBER), expecting ',' or ')' in C:\wamp64\www\wordpress\wp-content\themes\cms-theme-test-module\template-parts\09\09-content.php on line 26

2021-01-04T18:23:02+00:00 CRITICAL Cannot redeclare woocommerce_template_loop_product_thumbnail() (previously declared in C:\wamp64\www\wordpress\wp-content\plugins\woocommerce\includes\wc-template-functions.php:1315) in C:\wamp64\www\wordpress\wp-content\themes\cms-theme-test-module\woocommerce.php on line 257

2021-01-04T18:24:46+00:00 CRITICAL Cannot redeclare nozama_lite_woocommerce_show_product_loop_categories() (previously declared in C:\wamp64\www\wordpress\wp-content\themes\cms-theme-test-module\functions.php:325) in C:\wamp64\www\wordpress\wp-content\themes\cms-theme-test-module\woocommerce.php on line 8

2021-01-04T18:25:53+00:00 CRITICAL Uncaught Error: Call to a member function get_id() on null in C:\wamp64\www\wordpress\wp-content\themes\cms-theme-test-module\template-parts\09\09-content.php:26
Stack trace:
#0 C:\wamp64\www\wordpress\wp-includes\template.php(732): require()
#1 C:\wamp64\www\wordpress\wp-includes\template.php(676): load_template('C:\\wamp64\\www\\w...', false, Array)
#2 C:\wamp64\www\wordpress\wp-includes\general-template.php(204): locate_template(Array, true, false, Array)
#3 C:\wamp64\www\wordpress\wp-content\themes\cms-theme-test-module\front-page.php(29): get_template_part('template-parts/...', 'content')
#4 C:\wamp64\www\wordpress\wp-includes\template-loader.php(106): include('C:\\wamp64\\www\\w...')
#5 C:\wamp64\www\wordpress\wp-blog-header.php(19): require_once('C:\\wamp64\\www\\w...')
#6 C:\wamp64\www\wordpress\index.php(17): require('C:\\wamp64\\www\\w...')
#7 {main}
  thrown in C:\wamp64\www\wordpress\wp-content\themes\cms-theme-test-module\template-parts\09\09-content.php on line 26

2021-01-04T18:27:22+00:00 CRITICAL Cannot redeclare woocommerce_template_loop_product_thumbnail() (previously declared in C:\wamp64\www\wordpress\wp-content\plugins\woocommerce\includes\wc-template-functions.php:1315) in C:\wamp64\www\wordpress\wp-content\themes\cms-theme-test-module\woocommerce.php on line 257

2021-01-04T18:29:00+00:00 CRITICAL Cannot redeclare woocommerce_template_loop_product_thumbnail() (previously declared in C:\wamp64\www\wordpress\wp-content\plugins\woocommerce\includes\wc-template-functions.php:1315) in C:\wamp64\www\wordpress\wp-content\themes\cms-theme-test-module\woocommerce.php on line 257

2021-01-04T18:29:01+00:00 CRITICAL Cannot redeclare woocommerce_template_loop_product_thumbnail() (previously declared in C:\wamp64\www\wordpress\wp-content\plugins\woocommerce\includes\wc-template-functions.php:1315) in C:\wamp64\www\wordpress\wp-content\themes\cms-theme-test-module\woocommerce.php on line 257

2021-01-04T18:29:02+00:00 CRITICAL Cannot redeclare woocommerce_template_loop_product_thumbnail() (previously declared in C:\wamp64\www\wordpress\wp-content\plugins\woocommerce\includes\wc-template-functions.php:1315) in C:\wamp64\www\wordpress\wp-content\themes\cms-theme-test-module\woocommerce.php on line 257

2021-01-04T18:29:02+00:00 CRITICAL Cannot redeclare woocommerce_template_loop_product_thumbnail() (previously declared in C:\wamp64\www\wordpress\wp-content\plugins\woocommerce\includes\wc-template-functions.php:1315) in C:\wamp64\www\wordpress\wp-content\themes\cms-theme-test-module\woocommerce.php on line 257

2021-01-04T18:29:02+00:00 CRITICAL Cannot redeclare woocommerce_template_loop_product_thumbnail() (previously declared in C:\wamp64\www\wordpress\wp-content\plugins\woocommerce\includes\wc-template-functions.php:1315) in C:\wamp64\www\wordpress\wp-content\themes\cms-theme-test-module\woocommerce.php on line 257

2021-01-04T18:29:31+00:00 CRITICAL Cannot redeclare woocommerce_template_loop_product_title() (previously declared in C:\wamp64\www\wordpress\wp-content\plugins\woocommerce\includes\wc-template-functions.php:1158) in C:\wamp64\www\wordpress\wp-content\themes\cms-theme-test-module\woocommerce.php on line 111

2021-01-04T18:29:44+00:00 CRITICAL Cannot redeclare woocommerce_template_loop_category_title() (previously declared in C:\wamp64\www\wordpress\wp-content\plugins\woocommerce\includes\wc-template-functions.php:1169) in C:\wamp64\www\wordpress\wp-content\themes\cms-theme-test-module\woocommerce.php on line 191

2021-01-04T18:30:06+00:00 CRITICAL Cannot redeclare woocommerce_template_loop_category_title() (previously declared in C:\wamp64\www\wordpress\wp-content\plugins\woocommerce\includes\wc-template-functions.php:1169) in C:\wamp64\www\wordpress\wp-content\themes\cms-theme-test-module\woocommerce.php on line 183

2021-01-04T18:30:17+00:00 CRITICAL Cannot redeclare woocommerce_template_loop_category_title() (previously declared in C:\wamp64\www\wordpress\wp-content\plugins\woocommerce\includes\wc-template-functions.php:1169) in C:\wamp64\www\wordpress\wp-content\themes\cms-theme-test-module\woocommerce.php on line 169

2021-01-04T18:31:12+00:00 CRITICAL Cannot redeclare woocommerce_template_loop_product_title() (previously declared in C:\wamp64\www\wordpress\wp-content\plugins\woocommerce\includes\wc-template-functions.php:1158) in C:\wamp64\www\wordpress\wp-content\themes\cms-theme-test-module\woocommerce.php on line 111

2021-01-04T18:31:22+00:00 CRITICAL Cannot redeclare woocommerce_template_loop_category_title() (previously declared in C:\wamp64\www\wordpress\wp-content\plugins\woocommerce\includes\wc-template-functions.php:1169) in C:\wamp64\www\wordpress\wp-content\themes\cms-theme-test-module\woocommerce.php on line 191

2021-01-04T18:33:30+00:00 CRITICAL Cannot redeclare woocommerce_template_loop_product_thumbnail() (previously declared in C:\wamp64\www\wordpress\wp-content\plugins\woocommerce\includes\wc-template-functions.php:1315) in C:\wamp64\www\wordpress\wp-content\themes\cms-theme-test-module\woocommerce.php on line 257

2021-01-04T18:33:31+00:00 CRITICAL Cannot redeclare woocommerce_template_loop_product_thumbnail() (previously declared in C:\wamp64\www\wordpress\wp-content\plugins\woocommerce\includes\wc-template-functions.php:1315) in C:\wamp64\www\wordpress\wp-content\themes\cms-theme-test-module\woocommerce.php on line 257

2021-01-04T19:32:44+00:00 CRITICAL Uncaught Error: Call to undefined function nozama_lite_the_row_classes() in C:\wamp64\www\wordpress\wp-content\themes\cms-theme-test-module\page.php:7
Stack trace:
#0 C:\wamp64\www\wordpress\wp-includes\template-loader.php(106): include()
#1 C:\wamp64\www\wordpress\wp-blog-header.php(19): require_once('C:\\wamp64\\www\\w...')
#2 C:\wamp64\www\wordpress\index.php(17): require('C:\\wamp64\\www\\w...')
#3 {main}
  thrown in C:\wamp64\www\wordpress\wp-content\themes\cms-theme-test-module\page.php on line 7

